<?xml version="1.0" encoding="UTF-8"?>
<!-- Generated by org.testng.reporters.JUnitReportReporter -->
<testsuite hostname="HSMUMSZLPREN087" failures="0" tests="7" name="com.tutorialsninja.qa.testcases.LoginTest" time="90.781" errors="0" timestamp="2023-12-04T18:37:25 IST" skipped="0">
  <testcase classname="com.tutorialsninja.qa.testcases.LoginTest" name="verifyLogincredential" time="13.646"/>
  <system-out/>
  <testcase classname="com.tutorialsninja.qa.testcases.LoginTest" name="verifyLogincredential" time="12.611"/>
  <system-out/>
  <testcase classname="com.tutorialsninja.qa.testcases.LoginTest" name="verifyLogincredential" time="13.906"/>
  <system-out/>
  <testcase classname="com.tutorialsninja.qa.testcases.LoginTest" name="verifyloginwithInvalidcredential" time="12.556"/>
  <system-out/>
  <testcase classname="com.tutorialsninja.qa.testcases.LoginTest" name="verifyloginwithInvalidemanilandvalidPass" time="13.064"/>
  <system-out/>
  <testcase classname="com.tutorialsninja.qa.testcases.LoginTest" name="VerifyLoginwithValidEmanilandinvalidPass" time="12.802"/>
  <system-out/>
  <testcase classname="com.tutorialsninja.qa.testcases.LoginTest" name="verifyloginwithoutProvidingCredential" time="12.196"/>
  <system-out/>
</testsuite> <!-- com.tutorialsninja.qa.testcases.LoginTest -->
