<?xml version="1.0" encoding="UTF-8"?>
<!-- Generated by org.testng.reporters.JUnitReportReporter -->
<testsuite hostname="HSMUMSZLPREN087" failures="0" tests="7" name="com.tutorialsninja.qa.testcases.LoginTest" time="171.872" errors="0" timestamp="2023-12-07T00:14:47 IST" skipped="0">
  <testcase classname="com.tutorialsninja.qa.testcases.LoginTest" name="verifyLogincredential" time="25.640"/>
  <system-out/>
  <testcase classname="com.tutorialsninja.qa.testcases.LoginTest" name="verifyLogincredential" time="20.962"/>
  <system-out/>
  <testcase classname="com.tutorialsninja.qa.testcases.LoginTest" name="verifyLogincredential" time="20.466"/>
  <system-out/>
  <testcase classname="com.tutorialsninja.qa.testcases.LoginTest" name="verifyloginwithInvalidcredential" time="27.268"/>
  <system-out/>
  <testcase classname="com.tutorialsninja.qa.testcases.LoginTest" name="verifyloginwithInvalidemanilandvalidPass" time="28.542"/>
  <system-out/>
  <testcase classname="com.tutorialsninja.qa.testcases.LoginTest" name="VerifyLoginwithValidEmanilandinvalidPass" time="28.625"/>
  <system-out/>
  <testcase classname="com.tutorialsninja.qa.testcases.LoginTest" name="verifyloginwithoutProvidingCredential" time="20.369"/>
  <system-out/>
</testsuite> <!-- com.tutorialsninja.qa.testcases.LoginTest -->
